<?xml version="1.0" encoding="UTF-8"?>
<!-- Generated by org.testng.reporters.JUnitReportReporter -->
<testsuite hostname="LAPTOP-MBA27H4H" failures="0" tests="1" name="hierarchy_test.NavigationTest" time="76.776" errors="0" timestamp="2023-01-02T13:48:26 IST" skipped="0">
  <testcase classname="hierarchy_test.NavigationTest" name="navigateToHierarchyModule" time="76.776"/>
  <system-out/>
</testsuite> <!-- hierarchy_test.NavigationTest -->
