<?xml version="1.0" encoding="UTF-8"?>
<!-- Generated by org.testng.reporters.JUnitReportReporter -->
<testsuite hostname="LAPTOP-MBA27H4H" failures="0" tests="3" name="hierarchy_test.EditPageCoverageTest" time="132.003" errors="0" timestamp="2024-05-31T18:39:48 IST" skipped="0">
  <testcase classname="hierarchy_test.EditPageCoverageTest" name="navigateToHierachyPendingPage" time="90.372"/>
  <system-out>
    <![CDATA[Successfully logged in]]>
  </system-out>
  <testcase classname="hierarchy_test.EditPageCoverageTest" name="settingUpAndRemovingOfCoverage" time="19.454"/>
  <system-out/>
  <testcase classname="hierarchy_test.EditPageCoverageTest" name="settingUpAndRemovingOfCoverage" time="22.177"/>
  <system-out/>
</testsuite> <!-- hierarchy_test.EditPageCoverageTest -->
