<?xml version="1.0" encoding="UTF-8"?>
<!-- Generated by org.testng.reporters.JUnitReportReporter -->
<testsuite hostname="LAPTOP-MBA27H4H" failures="0" tests="11" name="hierarchy_test.HierarchyNavigationTest" time="134.693" errors="0" timestamp="2024-05-31T18:39:48 IST" skipped="0">
  <testcase classname="hierarchy_test.HierarchyNavigationTest" name="navigateToHierarchyViewPage" time="38.040"/>
  <system-out>
    <![CDATA[Successfully logged in]]>
  </system-out>
  <testcase classname="hierarchy_test.HierarchyNavigationTest" name="navigateToHierarchyModuleCreatePage" time="21.249"/>
  <system-out/>
  <testcase classname="hierarchy_test.HierarchyNavigationTest" name="navigateToHierarchyModuleEditPage" time="15.373"/>
  <system-out/>
  <testcase classname="hierarchy_test.HierarchyNavigationTest" name="navigateToHierarchyModuleComparePage" time="6.228"/>
  <system-out/>
  <testcase classname="hierarchy_test.HierarchyNavigationTest" name="navigateToHierarchyModuleRulePage" time="6.255"/>
  <system-out/>
  <testcase classname="hierarchy_test.HierarchyNavigationTest" name="navigateToHierarchyModuleReportPage" time="8.271"/>
  <system-out/>
  <testcase classname="hierarchy_test.HierarchyNavigationTest" name="navigateToHierarchyModuleAccountPage" time="8.259"/>
  <system-out/>
  <testcase classname="hierarchy_test.HierarchyNavigationTest" name="navigateToHierarchyCockpitPage" time="8.272"/>
  <system-out/>
  <testcase classname="hierarchy_test.HierarchyNavigationTest" name="navigateToHierarchyEmployeePage" time="6.188"/>
  <system-out/>
  <testcase classname="hierarchy_test.HierarchyNavigationTest" name="navigateToHierarchyMetricsPage" time="10.373"/>
  <system-out/>
  <testcase classname="hierarchy_test.HierarchyNavigationTest" name="navigateToHierarchyPublishPage" time="6.185"/>
  <system-out/>
</testsuite> <!-- hierarchy_test.HierarchyNavigationTest -->
