<?xml version="1.0" encoding="UTF-8"?>
<!-- Generated by org.testng.reporters.JUnitReportReporter -->
<testsuite hostname="LAPTOP-MBA27H4H" failures="0" tests="6" name="hierarchy_test.CoverageTest" time="124.159" errors="0" timestamp="2024-05-29T16:48:14 IST" skipped="3">
  <testcase classname="hierarchy_test.CoverageTest" name="navigateToHierachyConfirmedPage" time="53.416"/>
  <system-out>
    <![CDATA[Successfully logged in]]>
  </system-out>
  <testcase classname="hierarchy_test.CoverageTest" name="sortFunctionMapPage" time="28.591"/>
  <system-out/>
  <testcase classname="hierarchy_test.CoverageTest" name="filterMapFunction" time="42.152"/>
  <system-out/>
  <testcase classname="hierarchy_test.CoverageTest" name="settingUpAndRemovingOfCoverage">
    <skipped/>
  </testcase> <!-- settingUpAndRemovingOfCoverage -->
  <system-out/>
  <testcase classname="hierarchy_test.CoverageTest" name="filterFunction">
    <skipped/>
  </testcase> <!-- filterFunction -->
  <system-out/>
  <testcase classname="hierarchy_test.CoverageTest" name="sortFunction">
    <skipped/>
  </testcase> <!-- sortFunction -->
  <system-out/>
</testsuite> <!-- hierarchy_test.CoverageTest -->
