<?xml version="1.0" encoding="UTF-8"?>
<!-- Generated by org.testng.reporters.JUnitReportReporter -->
<testsuite hostname="LAPTOP-MBA27H4H" failures="0" tests="7" name="hierarchy_test.ViewPageCoverageTest" time="265.175" errors="0" timestamp="2024-06-14T18:55:40 IST" skipped="0">
  <testcase classname="hierarchy_test.ViewPageCoverageTest" name="navigateToHierachyConfirmedCoveragePage" time="55.839"/>
  <system-out>
    <![CDATA[Successfully logged in]]>
  </system-out>
  <testcase classname="hierarchy_test.ViewPageCoverageTest" name="settingUpAndRemovingOfCoverage" time="21.060"/>
  <system-out/>
  <testcase classname="hierarchy_test.ViewPageCoverageTest" name="settingUpAndRemovingOfCoverage" time="24.225"/>
  <system-out/>
  <testcase classname="hierarchy_test.ViewPageCoverageTest" name="sortFunction" time="45.077"/>
  <system-out/>
  <testcase classname="hierarchy_test.ViewPageCoverageTest" name="filterFunction" time="45.482"/>
  <system-out/>
  <testcase classname="hierarchy_test.ViewPageCoverageTest" name="sortFunctionMapPage" time="28.585"/>
  <system-out/>
  <testcase classname="hierarchy_test.ViewPageCoverageTest" name="filterMapFunction" time="44.907"/>
  <system-out/>
</testsuite> <!-- hierarchy_test.ViewPageCoverageTest -->
